<?xml version="1.0" encoding="UTF-8"?>
<testsuite name="ru.stqa.pft.sandbox.PointsTests" tests="4" skipped="0" failures="0" errors="0" timestamp="2022-05-11T14:18:09" hostname="DESKTOP-VG0NKB0" time="0.009">
  <properties/>
  <testcase name="testDistance1" classname="ru.stqa.pft.sandbox.PointsTests" time="0.006"/>
  <testcase name="testDistance2" classname="ru.stqa.pft.sandbox.PointsTests" time="0.0"/>
  <testcase name="testDistance3" classname="ru.stqa.pft.sandbox.PointsTests" time="0.0"/>
  <testcase name="testDistance4" classname="ru.stqa.pft.sandbox.PointsTests" time="0.0"/>
  <system-out><![CDATA[]]></system-out>
  <system-err><![CDATA[]]></system-err>
</testsuite>
