<?xml version="1.0" encoding="UTF-8"?>
<testsuite name="ru.stqa.pft.addressbook.tests.ContactDataTests" tests="1" skipped="0" failures="0" errors="0" timestamp="2022-05-11T17:42:17" hostname="DESKTOP-VG0NKB0" time="2.441">
  <properties/>
  <testcase name="testContactData" classname="ru.stqa.pft.addressbook.tests.ContactDataTests" time="2.441"/>
  <system-out><![CDATA[]]></system-out>
  <system-err><![CDATA[console.warn: LoginRecipes: "getRecipes: falling back to a synchronous message for:" "http://localhost"
JavaScript error: resource://gre/modules/LoginManagerParent.jsm, line 136: TypeError: gRecipeManager is null
console.warn: LoginRecipes: "getRecipes: falling back to a synchronous message for:" "http://localhost"
JavaScript error: resource://gre/modules/LoginManagerParent.jsm, line 136: TypeError: gRecipeManager is null
]]></system-err>
</testsuite>
