<?xml version="1.0" encoding="UTF-8"?>
<testsuite name="ru.stqa.pft.addressbook.tests.ContactlDeleteAllTests" tests="1" skipped="0" failures="1" errors="0" timestamp="2022-05-11T17:42:24" hostname="DESKTOP-VG0NKB0" time="0.872">
  <properties/>
  <testcase name="testDeleteAllContacts" classname="ru.stqa.pft.addressbook.tests.ContactlDeleteAllTests" time="0.872">
    <failure message="java.lang.AssertionError: Sets differ: expected [] but got [ContactData{id=180, lname='Ivanov', name='Pavel', address='Lenina, 20-74', homePhone='254-44-44', mobilePhone='', workPhone='', email='test4@test.ru', email2='null', email3='null', allPhones='null', allEmails='null', photo='null', groups=[]}, ContactData{id=178, lname='Ivanov', name='Pavel', address='Lenina, 20-74', homePhone='254-44-44', mobilePhone='', workPhone='', email='test4@test.ru', email2='null', email3='null', allPhones='null', allEmails='null', photo='null', groups=[]}, ContactData{id=181, lname='Ivanov', name='Pavel', address='Lenina, 20-74', homePhone='254-44-44', mobilePhone='', workPhone='', email='test4@test.ru', email2='null', email3='null', allPhones='null', allEmails='null', photo='null', groups=[]}, ContactData{id=177, lname='Ivanov', name='Pavel', address='Lenina, 20-74', homePhone='254-44-44', mobilePhone='', workPhone='', email='test4@test.ru', email2='null', email3='null', allPhones='null', allEmails='null', photo='null', groups=[]}, ContactData{id=176, lname='Testov', name='Test', address='', homePhone='', mobilePhone='', workPhone='', email='', email2='null', email3='null', allPhones='null', allEmails='null', photo='null', groups=[]}, ContactData{id=179, lname='Ivanov', name='Pavel', address='Lenina, 20-74', homePhone='254-44-44', mobilePhone='', workPhone='', email='test4@test.ru', email2='null', email3='null', allPhones='null', allEmails='null', photo='null', groups=[]}]" type="java.lang.AssertionError">java.lang.AssertionError: Sets differ: expected [] but got [ContactData{id=180, lname='Ivanov', name='Pavel', address='Lenina, 20-74', homePhone='254-44-44', mobilePhone='', workPhone='', email='test4@test.ru', email2='null', email3='null', allPhones='null', allEmails='null', photo='null', groups=[]}, ContactData{id=178, lname='Ivanov', name='Pavel', address='Lenina, 20-74', homePhone='254-44-44', mobilePhone='', workPhone='', email='test4@test.ru', email2='null', email3='null', allPhones='null', allEmails='null', photo='null', groups=[]}, ContactData{id=181, lname='Ivanov', name='Pavel', address='Lenina, 20-74', homePhone='254-44-44', mobilePhone='', workPhone='', email='test4@test.ru', email2='null', email3='null', allPhones='null', allEmails='null', photo='null', groups=[]}, ContactData{id=177, lname='Ivanov', name='Pavel', address='Lenina, 20-74', homePhone='254-44-44', mobilePhone='', workPhone='', email='test4@test.ru', email2='null', email3='null', allPhones='null', allEmails='null', photo='null', groups=[]}, ContactData{id=176, lname='Testov', name='Test', address='', homePhone='', mobilePhone='', workPhone='', email='', email2='null', email3='null', allPhones='null', allEmails='null', photo='null', groups=[]}, ContactData{id=179, lname='Ivanov', name='Pavel', address='Lenina, 20-74', homePhone='254-44-44', mobilePhone='', workPhone='', email='test4@test.ru', email2='null', email3='null', allPhones='null', allEmails='null', photo='null', groups=[]}]
	at org.testng.Assert.fail(Assert.java:94)
	at org.testng.Assert.assertEquals(Assert.java:783)
	at org.testng.Assert.assertEquals(Assert.java:761)
	at ru.stqa.pft.addressbook.tests.ContactlDeleteAllTests.testDeleteAllContacts(ContactlDeleteAllTests.java:28)
	at sun.reflect.NativeMethodAccessorImpl.invoke0(Native Method)
	at sun.reflect.NativeMethodAccessorImpl.invoke(NativeMethodAccessorImpl.java:62)
	at sun.reflect.DelegatingMethodAccessorImpl.invoke(DelegatingMethodAccessorImpl.java:43)
	at java.lang.reflect.Method.invoke(Method.java:498)
	at org.testng.internal.MethodInvocationHelper.invokeMethod(MethodInvocationHelper.java:86)
	at org.testng.internal.Invoker.invokeMethod(Invoker.java:643)
	at org.testng.internal.Invoker.invokeTestMethod(Invoker.java:820)
	at org.testng.internal.Invoker.invokeTestMethods(Invoker.java:1128)
	at org.testng.internal.TestMethodWorker.invokeTestMethods(TestMethodWorker.java:129)
	at org.testng.internal.TestMethodWorker.run(TestMethodWorker.java:112)
	at org.testng.TestRunner.privateRun(TestRunner.java:782)
	at org.testng.TestRunner.run(TestRunner.java:632)
	at org.testng.SuiteRunner.runTest(SuiteRunner.java:366)
	at org.testng.SuiteRunner.runSequentially(SuiteRunner.java:361)
	at org.testng.SuiteRunner.privateRun(SuiteRunner.java:319)
	at org.testng.SuiteRunner.run(SuiteRunner.java:268)
	at org.testng.SuiteRunnerWorker.runSuite(SuiteRunnerWorker.java:52)
	at org.testng.SuiteRunnerWorker.run(SuiteRunnerWorker.java:86)
	at org.testng.TestNG.runSuitesSequentially(TestNG.java:1244)
	at org.testng.TestNG.runSuitesLocally(TestNG.java:1169)
	at org.testng.TestNG.run(TestNG.java:1064)
	at org.gradle.api.internal.tasks.testing.testng.TestNGTestClassProcessor.runTests(TestNGTestClassProcessor.java:141)
	at org.gradle.api.internal.tasks.testing.testng.TestNGTestClassProcessor.stop(TestNGTestClassProcessor.java:90)
	at org.gradle.api.internal.tasks.testing.SuiteTestClassProcessor.stop(SuiteTestClassProcessor.java:61)
	at sun.reflect.NativeMethodAccessorImpl.invoke0(Native Method)
	at sun.reflect.NativeMethodAccessorImpl.invoke(NativeMethodAccessorImpl.java:62)
	at sun.reflect.DelegatingMethodAccessorImpl.invoke(DelegatingMethodAccessorImpl.java:43)
	at java.lang.reflect.Method.invoke(Method.java:498)
	at org.gradle.internal.dispatch.ReflectionDispatch.dispatch(ReflectionDispatch.java:36)
	at org.gradle.internal.dispatch.ReflectionDispatch.dispatch(ReflectionDispatch.java:24)
	at org.gradle.internal.dispatch.ContextClassLoaderDispatch.dispatch(ContextClassLoaderDispatch.java:33)
	at org.gradle.internal.dispatch.ProxyDispatchAdapter$DispatchingInvocationHandler.invoke(ProxyDispatchAdapter.java:94)
	at com.sun.proxy.$Proxy2.stop(Unknown Source)
	at org.gradle.api.internal.tasks.testing.worker.TestWorker.stop(TestWorker.java:135)
	at sun.reflect.NativeMethodAccessorImpl.invoke0(Native Method)
	at sun.reflect.NativeMethodAccessorImpl.invoke(NativeMethodAccessorImpl.java:62)
	at sun.reflect.DelegatingMethodAccessorImpl.invoke(DelegatingMethodAccessorImpl.java:43)
	at java.lang.reflect.Method.invoke(Method.java:498)
	at org.gradle.internal.dispatch.ReflectionDispatch.dispatch(ReflectionDispatch.java:36)
	at org.gradle.internal.dispatch.ReflectionDispatch.dispatch(ReflectionDispatch.java:24)
	at org.gradle.internal.remote.internal.hub.MessageHubBackedObjectConnection$DispatchWrapper.dispatch(MessageHubBackedObjectConnection.java:182)
	at org.gradle.internal.remote.internal.hub.MessageHubBackedObjectConnection$DispatchWrapper.dispatch(MessageHubBackedObjectConnection.java:164)
	at org.gradle.internal.remote.internal.hub.MessageHub$Handler.run(MessageHub.java:414)
	at org.gradle.internal.concurrent.ExecutorPolicy$CatchAndRecordFailures.onExecute(ExecutorPolicy.java:64)
	at org.gradle.internal.concurrent.ManagedExecutorImpl$1.run(ManagedExecutorImpl.java:48)
	at java.util.concurrent.ThreadPoolExecutor.runWorker(ThreadPoolExecutor.java:1149)
	at java.util.concurrent.ThreadPoolExecutor$Worker.run(ThreadPoolExecutor.java:624)
	at org.gradle.internal.concurrent.ThreadFactoryImpl$ManagedThreadRunnable.run(ThreadFactoryImpl.java:56)
	at java.lang.Thread.run(Thread.java:748)
</failure>
  </testcase>
  <system-out><![CDATA[Hibernate: select contactdat0_.id as id1_1_, contactdat0_.address as address2_1_, contactdat0_.email as email3_1_, contactdat0_.home as home4_1_, contactdat0_.lastname as lastname5_1_, contactdat0_.mobile as mobile6_1_, contactdat0_.firstname as firstnam7_1_, contactdat0_.work as work8_1_ from addressbook contactdat0_ where deprecated='0000-00-00'
Hibernate: select groups0_.id as id1_0_0_, groups0_.group_id as group_id2_0_0_, groupdata1_.group_id as group_id1_2_1_, groupdata1_.group_footer as group_fo2_2_1_, groupdata1_.group_header as group_he3_2_1_, groupdata1_.group_name as group_na4_2_1_ from address_in_groups groups0_ inner join group_list groupdata1_ on groups0_.group_id=groupdata1_.group_id where groups0_.id=?
Hibernate: select groups0_.id as id1_0_0_, groups0_.group_id as group_id2_0_0_, groupdata1_.group_id as group_id1_2_1_, groupdata1_.group_footer as group_fo2_2_1_, groupdata1_.group_header as group_he3_2_1_, groupdata1_.group_name as group_na4_2_1_ from address_in_groups groups0_ inner join group_list groupdata1_ on groups0_.group_id=groupdata1_.group_id where groups0_.id=?
Hibernate: select groups0_.id as id1_0_0_, groups0_.group_id as group_id2_0_0_, groupdata1_.group_id as group_id1_2_1_, groupdata1_.group_footer as group_fo2_2_1_, groupdata1_.group_header as group_he3_2_1_, groupdata1_.group_name as group_na4_2_1_ from address_in_groups groups0_ inner join group_list groupdata1_ on groups0_.group_id=groupdata1_.group_id where groups0_.id=?
Hibernate: select groups0_.id as id1_0_0_, groups0_.group_id as group_id2_0_0_, groupdata1_.group_id as group_id1_2_1_, groupdata1_.group_footer as group_fo2_2_1_, groupdata1_.group_header as group_he3_2_1_, groupdata1_.group_name as group_na4_2_1_ from address_in_groups groups0_ inner join group_list groupdata1_ on groups0_.group_id=groupdata1_.group_id where groups0_.id=?
Hibernate: select groups0_.id as id1_0_0_, groups0_.group_id as group_id2_0_0_, groupdata1_.group_id as group_id1_2_1_, groupdata1_.group_footer as group_fo2_2_1_, groupdata1_.group_header as group_he3_2_1_, groupdata1_.group_name as group_na4_2_1_ from address_in_groups groups0_ inner join group_list groupdata1_ on groups0_.group_id=groupdata1_.group_id where groups0_.id=?
Hibernate: select groups0_.id as id1_0_0_, groups0_.group_id as group_id2_0_0_, groupdata1_.group_id as group_id1_2_1_, groupdata1_.group_footer as group_fo2_2_1_, groupdata1_.group_header as group_he3_2_1_, groupdata1_.group_name as group_na4_2_1_ from address_in_groups groups0_ inner join group_list groupdata1_ on groups0_.group_id=groupdata1_.group_id where groups0_.id=?
]]></system-out>
  <system-err><![CDATA[]]></system-err>
</testsuite>
