<?xml version="1.0" encoding="UTF-8"?>
<testsuite name="ru.stqa.pft.addressbook.tests.HbConnectionTest" tests="1" skipped="0" failures="0" errors="0" timestamp="2022-05-11T17:42:46" hostname="DESKTOP-VG0NKB0" time="0.015">
  <properties/>
  <testcase name="testHbConnection" classname="ru.stqa.pft.addressbook.tests.HbConnectionTest" time="0.015"/>
  <system-out><![CDATA[Hibernate: select contactdat0_.id as id1_1_, contactdat0_.address as address2_1_, contactdat0_.email as email3_1_, contactdat0_.home as home4_1_, contactdat0_.lastname as lastname5_1_, contactdat0_.mobile as mobile6_1_, contactdat0_.firstname as firstnam7_1_, contactdat0_.work as work8_1_ from addressbook contactdat0_ where deprecated='0000-00-00'
Hibernate: select groups0_.id as id1_0_0_, groups0_.group_id as group_id2_0_0_, groupdata1_.group_id as group_id1_2_1_, groupdata1_.group_footer as group_fo2_2_1_, groupdata1_.group_header as group_he3_2_1_, groupdata1_.group_name as group_na4_2_1_ from address_in_groups groups0_ inner join group_list groupdata1_ on groups0_.group_id=groupdata1_.group_id where groups0_.id=?
Hibernate: select groups0_.id as id1_0_0_, groups0_.group_id as group_id2_0_0_, groupdata1_.group_id as group_id1_2_1_, groupdata1_.group_footer as group_fo2_2_1_, groupdata1_.group_header as group_he3_2_1_, groupdata1_.group_name as group_na4_2_1_ from address_in_groups groups0_ inner join group_list groupdata1_ on groups0_.group_id=groupdata1_.group_id where groups0_.id=?
Hibernate: select groups0_.id as id1_0_0_, groups0_.group_id as group_id2_0_0_, groupdata1_.group_id as group_id1_2_1_, groupdata1_.group_footer as group_fo2_2_1_, groupdata1_.group_header as group_he3_2_1_, groupdata1_.group_name as group_na4_2_1_ from address_in_groups groups0_ inner join group_list groupdata1_ on groups0_.group_id=groupdata1_.group_id where groups0_.id=?
Hibernate: select groups0_.id as id1_0_0_, groups0_.group_id as group_id2_0_0_, groupdata1_.group_id as group_id1_2_1_, groupdata1_.group_footer as group_fo2_2_1_, groupdata1_.group_header as group_he3_2_1_, groupdata1_.group_name as group_na4_2_1_ from address_in_groups groups0_ inner join group_list groupdata1_ on groups0_.group_id=groupdata1_.group_id where groups0_.id=?
Hibernate: select groups0_.id as id1_0_0_, groups0_.group_id as group_id2_0_0_, groupdata1_.group_id as group_id1_2_1_, groupdata1_.group_footer as group_fo2_2_1_, groupdata1_.group_header as group_he3_2_1_, groupdata1_.group_name as group_na4_2_1_ from address_in_groups groups0_ inner join group_list groupdata1_ on groups0_.group_id=groupdata1_.group_id where groups0_.id=?
Hibernate: select groups0_.id as id1_0_0_, groups0_.group_id as group_id2_0_0_, groupdata1_.group_id as group_id1_2_1_, groupdata1_.group_footer as group_fo2_2_1_, groupdata1_.group_header as group_he3_2_1_, groupdata1_.group_name as group_na4_2_1_ from address_in_groups groups0_ inner join group_list groupdata1_ on groups0_.group_id=groupdata1_.group_id where groups0_.id=?
ContactData{id=176, lname='Testov', name='Test', address='', homePhone='', mobilePhone='', workPhone='', email='', email2='null', email3='null', allPhones='null', allEmails='null', photo='null', groups=[]}
[]
ContactData{id=177, lname='Ivanov', name='Pavel', address='Lenina, 20-74', homePhone='254-44-44', mobilePhone='', workPhone='', email='test4@test.ru', email2='null', email3='null', allPhones='null', allEmails='null', photo='null', groups=[]}
[]
ContactData{id=178, lname='Ivanov', name='Pavel', address='Lenina, 20-74', homePhone='254-44-44', mobilePhone='', workPhone='', email='test4@test.ru', email2='null', email3='null', allPhones='null', allEmails='null', photo='null', groups=[]}
[]
ContactData{id=179, lname='Ivanov', name='Pavel', address='Lenina, 20-74', homePhone='254-44-44', mobilePhone='', workPhone='', email='test4@test.ru', email2='null', email3='null', allPhones='null', allEmails='null', photo='null', groups=[]}
[]
ContactData{id=180, lname='Ivanov', name='Pavel', address='Lenina, 20-74', homePhone='254-44-44', mobilePhone='', workPhone='', email='test4@test.ru', email2='null', email3='null', allPhones='null', allEmails='null', photo='null', groups=[]}
[]
ContactData{id=181, lname='Ivanov', name='Pavel', address='Lenina, 20-74', homePhone='254-44-44', mobilePhone='', workPhone='', email='test4@test.ru', email2='null', email3='null', allPhones='null', allEmails='null', photo='null', groups=[]}
[]
]]></system-out>
  <system-err><![CDATA[]]></system-err>
</testsuite>
