<?xml version="1.0" encoding="UTF-8"?>
<testsuite name="ru.stqa.pft.addressbook.tests.DbConnectionTest" tests="1" skipped="0" failures="0" errors="0" timestamp="2022-05-11T17:42:24" hostname="DESKTOP-VG0NKB0" time="0.023">
  <properties/>
  <testcase name="testDbConnection" classname="ru.stqa.pft.addressbook.tests.DbConnectionTest" time="0.023"/>
  <system-out><![CDATA[[GroupData{id='266', name='Test1'}]
]]></system-out>
  <system-err><![CDATA[]]></system-err>
</testsuite>
